Building DAG of jobs...
Using shell: /bin/bash
Provided cores: 1 (use --cores to define parallelism)
Rules claiming more threads will be scaled down.
Job stats:
job          count
---------  -------
reproduce        1
step1            1
step2            1
step3            1
total            4

Select jobs to execute...

[Thu Dec  7 23:23:54 2023]
rule step1:
    output: data/wine.zip, data/wine/Index, data/wine/wine.data
    jobid: 2
    reason: Missing output files: data/wine/wine.data
    resources: tmpdir=/var/folders/zv/n7l2w09n51l8qszs6rj9vnp00000gn/T

[Thu Dec  7 23:23:56 2023]
Finished job 2.
1 of 4 steps (25%) done
Select jobs to execute...

[Thu Dec  7 23:23:56 2023]
rule step2:
    input: data/wine/wine.data
    output: profiling/report.html
    jobid: 1
    reason: Missing output files: profiling/report.html; Input files updated by another job: data/wine/wine.data
    resources: tmpdir=/var/folders/zv/n7l2w09n51l8qszs6rj9vnp00000gn/T

[Thu Dec  7 23:24:35 2023]
Finished job 1.
2 of 4 steps (50%) done
Select jobs to execute...

[Thu Dec  7 23:24:35 2023]
rule step3:
    input: data/wine/wine.data
    output: results/correlation_heatmap.png, results/distribution_plot.png, results/violin_plot.png, results/pairplot.png
    jobid: 3
    reason: Missing output files: results/correlation_heatmap.png, results/violin_plot.png, results/distribution_plot.png, results/pairplot.png; Input files updated by another job: data/wine/wine.data
    resources: tmpdir=/var/folders/zv/n7l2w09n51l8qszs6rj9vnp00000gn/T

[Thu Dec  7 23:24:58 2023]
Finished job 3.
3 of 4 steps (75%) done
Select jobs to execute...

[Thu Dec  7 23:24:58 2023]
localrule reproduce:
    input: profiling/report.html, results/correlation_heatmap.png, results/distribution_plot.png, results/violin_plot.png, results/pairplot.png
    jobid: 0
    reason: Input files updated by another job: profiling/report.html, results/violin_plot.png, results/distribution_plot.png, results/correlation_heatmap.png, results/pairplot.png
    resources: tmpdir=/var/folders/zv/n7l2w09n51l8qszs6rj9vnp00000gn/T

[Thu Dec  7 23:24:58 2023]
Finished job 0.
4 of 4 steps (100%) done
Complete log: .snakemake/log/2023-12-07T232354.068363.snakemake.log
