Building DAG of jobs...
Using shell: /usr/bin/bash
Provided cores: 1 (use --cores to define parallelism)
Rules claiming more threads will be scaled down.
Job stats:
job          count
---------  -------
analyze          1
prepare          1
profile          1
reproduce        1
total            4

Select jobs to execute...

[Fri Dec  8 23:40:40 2023]
rule prepare:
    output: data/wine.zip, data/wine/Index, data/wine/wine.data, data/wine/wine.names
    jobid: 2
    reason: Missing output files: data/wine/wine.data
    resources: tmpdir=/tmp

[Fri Dec  8 23:40:42 2023]
Finished job 2.
1 of 4 steps (25%) done
Select jobs to execute...

[Fri Dec  8 23:40:42 2023]
rule analyze:
    input: data/wine/wine.data
    output: results/correlation_heatmap.png, results/distribution_plot.png, results/violin_plot.png, results/pairplot.png
    jobid: 3
    reason: Missing output files: results/pairplot.png, results/correlation_heatmap.png, results/distribution_plot.png, results/violin_plot.png; Input files updated by another job: data/wine/wine.data
    resources: tmpdir=/tmp

[Fri Dec  8 23:41:15 2023]
Finished job 3.
2 of 4 steps (50%) done
Select jobs to execute...

[Fri Dec  8 23:41:15 2023]
rule profile:
    input: data/wine/wine.data
    output: profiling/report.html
    jobid: 1
    reason: Missing output files: profiling/report.html; Input files updated by another job: data/wine/wine.data
    resources: tmpdir=/tmp

[Fri Dec  8 23:42:29 2023]
Finished job 1.
3 of 4 steps (75%) done
Select jobs to execute...

[Fri Dec  8 23:42:29 2023]
localrule reproduce:
    input: profiling/report.html, results/correlation_heatmap.png, results/distribution_plot.png, results/violin_plot.png, results/pairplot.png
    jobid: 0
    reason: Input files updated by another job: results/correlation_heatmap.png, results/distribution_plot.png, profiling/report.html, results/violin_plot.png, results/pairplot.png
    resources: tmpdir=/tmp

[Fri Dec  8 23:42:29 2023]
Finished job 0.
4 of 4 steps (100%) done
Complete log: .snakemake/log/2023-12-08T234039.801924.snakemake.log
