Building DAG of jobs...
Using shell: /bin/bash
Provided cores: 1 (use --cores to define parallelism)
Rules claiming more threads will be scaled down.
Job stats:
job      count
-----  -------
step1        1
step3        1
total        2

Select jobs to execute...

[Thu Dec  7 21:56:00 2023]
rule step1:
    output: data/wine/wine.data
    jobid: 1
    reason: Missing output files: data/wine/wine.data
    resources: tmpdir=/var/folders/zv/n7l2w09n51l8qszs6rj9vnp00000gn/T

[Thu Dec  7 21:56:01 2023]
Finished job 1.
1 of 2 steps (50%) done
Select jobs to execute...

[Thu Dec  7 21:56:01 2023]
rule step3:
    input: data/wine/wine.data
    jobid: 0
    reason: Rules with a run or shell declaration but no output are always executed.
    resources: tmpdir=/var/folders/zv/n7l2w09n51l8qszs6rj9vnp00000gn/T

[Thu Dec  7 21:56:21 2023]
Finished job 0.
2 of 2 steps (100%) done
Complete log: .snakemake/log/2023-12-07T215559.536958.snakemake.log
