Building DAG of jobs...
Using shell: /bin/bash
Provided cores: 1 (use --cores to define parallelism)
Rules claiming more threads will be scaled down.
Job stats:
job      count
-----  -------
step2        1
total        1

Select jobs to execute...

[Thu Dec  7 21:52:13 2023]
rule step2:
    input: data/wine/wine.data
    output: profiling/report.html
    jobid: 0
    reason: Missing output files: profiling/report.html
    resources: tmpdir=/var/folders/zv/n7l2w09n51l8qszs6rj9vnp00000gn/T

[Thu Dec  7 21:52:44 2023]
Finished job 0.
1 of 1 steps (100%) done
Complete log: .snakemake/log/2023-12-07T215212.734089.snakemake.log
